Using pre-set license
Built from '2020.3/staging' branch; Version is '2020.3.6f1 (338bb68529b2) revision 3378102'; Using compiler version '192528614'; Build Type 'Release'
OS: 'Windows 10 Home; OS build 22483.1000; Version 2009; 64bit' Language: 'ru' Physical Memory: 16228 MB
BatchMode: 1, IsHumanControllingUs: 0, StartBugReporterOnCrash: 0, Is64bit: 1, IsPro: 0

 COMMAND LINE ARGUMENTS:
C:\Program Files\Unity\Hub\Editor\2020.3.6f1\Editor\Unity.exe
-adb2
-batchMode
-noUpm
-name
AssetImportWorker0
-projectPath
C:/Unity/Helix Jump
-logFile
Logs/AssetImportWorker0.log
-srvPort
53269
Successfully changed project path to: C:/Unity/Helix Jump
C:/Unity/Helix Jump
Using Asset Import Pipeline V2.
Refreshing native plugins compatible for Editor in 21.92 ms, found 0 plugins.
Preloading 0 native plugins for Editor in 0.00 ms.
Initialize engine version: 2020.3.6f1 (338bb68529b2)
[Subsystems] Discovering subsystems at path C:/Program Files/Unity/Hub/Editor/2020.3.6f1/Editor/Data/Resources/UnitySubsystems
[Subsystems] Discovering subsystems at path C:/Unity/Helix Jump/Assets
GfxDevice: creating device client; threaded=0
Direct3D:
    Version:  Direct3D 11.0 [level 11.1]
    Renderer: NVIDIA GeForce GTX 1050 (ID=0x1c8d)
    Vendor:   
    VRAM:     4021 MB
    Driver:   27.21.14.6611
Initialize mono
Mono path[0] = 'C:/Program Files/Unity/Hub/Editor/2020.3.6f1/Editor/Data/Managed'
Mono path[1] = 'C:/Program Files/Unity/Hub/Editor/2020.3.6f1/Editor/Data/MonoBleedingEdge/lib/mono/unityjit'
Mono config path = 'C:/Program Files/Unity/Hub/Editor/2020.3.6f1/Editor/Data/MonoBleedingEdge/etc'
Using monoOptions --debugger-agent=transport=dt_socket,embedding=1,server=y,suspend=n,address=127.0.0.1:56432
Begin MonoManager ReloadAssembly
Registering precompiled unity dll's ...
Register platform support module: C:/Program Files/Unity/Hub/Editor/2020.3.6f1/Editor/Data/PlaybackEngines/WindowsStandaloneSupport/UnityEditor.WindowsStandalone.Extensions.dll
Registered in 0.001535 seconds.
Native extension for WindowsStandalone target not found
Refreshing native plugins compatible for Editor in 24.19 ms, found 0 plugins.
Preloading 0 native plugins for Editor in 0.00 ms.
Mono: successfully reloaded assembly
- Completed reload, in  2.894 seconds
Platform modules already initialized, skipping
Registering precompiled user dll's ...
Registered in 0.000672 seconds.
Begin MonoManager ReloadAssembly
Native extension for WindowsStandalone target not found
Refreshing native plugins compatible for Editor in 0.19 ms, found 0 plugins.
Preloading 0 native plugins for Editor in 0.00 ms.
Mono: successfully reloaded assembly
- Completed reload, in  0.839 seconds
Platform modules already initialized, skipping
========================================================================
Worker process is ready to serve import requests
Launched and connected shader compiler UnityShaderCompiler.exe after 0.06 seconds
Refreshing native plugins compatible for Editor in 0.20 ms, found 0 plugins.
Preloading 0 native plugins for Editor in 0.00 ms.
Unloading 1132 Unused Serialized files (Serialized files now loaded: 0)
System memory in use before: 58.1 MB.
System memory in use after: 58.1 MB.

Unloading 10 unused Assets to reduce memory usage. Loaded Objects now: 1576.
Total: 1.809800 ms (FindLiveObjects: 0.177500 ms CreateObjectMapping: 0.096500 ms MarkObjects: 1.452100 ms  DeleteObjects: 0.082300 ms)

========================================================================
Received Import Request.
  path: Assets/Scripts/Music
  artifactKey: Guid(0bf7ac10a2bc74f4980e1299cf438be4) Importer(815301076,1909f56bfc062723c751e8b465ee728b)
Start importing Assets/Scripts/Music using Guid(0bf7ac10a2bc74f4980e1299cf438be4) Importer(815301076,1909f56bfc062723c751e8b465ee728b)  -> (artifact id: '7874e21b7e88f4bab15ec7e2974675bf') in 0.004349 seconds
  Import took 0.006479 seconds .

========================================================================
Received Import Request.
  Time since last request: 223.461318 seconds.
  path: Assets/Scripts/Music.cs
  artifactKey: Guid(43cadfa2398e080448487d183927a034) Importer(815301076,1909f56bfc062723c751e8b465ee728b)
Start importing Assets/Scripts/Music.cs using Guid(43cadfa2398e080448487d183927a034) Importer(815301076,1909f56bfc062723c751e8b465ee728b)  -> (artifact id: '1627305203903273cb50561d550e31a9') in 0.049785 seconds
  Import took 0.052710 seconds .

========================================================================
Received Prepare
Registering precompiled user dll's ...
Registered in 0.000705 seconds.
Begin MonoManager ReloadAssembly
Native extension for WindowsStandalone target not found
Refreshing native plugins compatible for Editor in 0.35 ms, found 0 plugins.
Preloading 0 native plugins for Editor in 0.00 ms.
Mono: successfully reloaded assembly
- Completed reload, in  0.936 seconds
Platform modules already initialized, skipping
Switching build target platform(5) subTarget(0) extendedPlatform(0) -> platform(13) subTarget(537395200) extendedPlatform(0)
Refreshing native plugins compatible for Editor in 0.20 ms, found 0 plugins.
Preloading 0 native plugins for Editor in 0.00 ms.
Unloading 1131 Unused Serialized files (Serialized files now loaded: 0)
System memory in use before: 58.0 MB.
System memory in use after: 58.0 MB.

Unloading 5 unused Assets to reduce memory usage. Loaded Objects now: 1580.
Total: 2.091200 ms (FindLiveObjects: 0.236600 ms CreateObjectMapping: 0.075600 ms MarkObjects: 1.733200 ms  DeleteObjects: 0.044800 ms)

AssetImportParameters requested are different than current active one (requested -> active):
  custom:graphics/normal-map-encoding: 01000000000000000000000000000000 -> 02000000000000000000000000000000
========================================================================
Received Import Request.
  Time since last request: 78.700589 seconds.
  path: Assets/Music
  artifactKey: Guid(4b6c0dd90da8db24e9e353e88bce74c7) Importer(815301076,1909f56bfc062723c751e8b465ee728b)
Start importing Assets/Music using Guid(4b6c0dd90da8db24e9e353e88bce74c7) Importer(815301076,1909f56bfc062723c751e8b465ee728b)  -> (artifact id: '3832991fa14d477c38ac77236d86f750') in 0.004593 seconds
  Import took 0.007291 seconds .

========================================================================
Received Import Request.
  Time since last request: 0.077193 seconds.
  path: Assets/Music/Lazy Walk - Cheel.mp3
  artifactKey: Guid(44a1d4db208c021479e97f11e316c937) Importer(815301076,1909f56bfc062723c751e8b465ee728b)
Start importing Assets/Music/Lazy Walk - Cheel.mp3 using Guid(44a1d4db208c021479e97f11e316c937) Importer(815301076,1909f56bfc062723c751e8b465ee728b)  -> (artifact id: '654be5681b1153be0b8327ea9030921d') in 0.112994 seconds
  Import took 0.116079 seconds .

========================================================================
Received Import Request.
  Time since last request: 0.003473 seconds.
  path: Assets/Music/Lazy Walk - Cheel.mp3
  artifactKey: Guid(44a1d4db208c021479e97f11e316c937) Importer(815301076,1909f56bfc062723c751e8b465ee728b)
Start importing Assets/Music/Lazy Walk - Cheel.mp3 using Guid(44a1d4db208c021479e97f11e316c937) Importer(815301076,1909f56bfc062723c751e8b465ee728b)  -> (artifact id: '654be5681b1153be0b8327ea9030921d') in 0.010887 seconds
  Import took 0.012954 seconds .

========================================================================
Received Prepare
Registering precompiled user dll's ...
Registered in 0.001850 seconds.
Begin MonoManager ReloadAssembly
Native extension for WindowsStandalone target not found
Refreshing native plugins compatible for Editor in 0.23 ms, found 0 plugins.
Preloading 0 native plugins for Editor in 0.00 ms.
Mono: successfully reloaded assembly
- Completed reload, in  1.020 seconds
Platform modules already initialized, skipping
Switching build target platform(5) subTarget(0) extendedPlatform(0) -> platform(13) subTarget(537395200) extendedPlatform(0)
Refreshing native plugins compatible for Editor in 0.23 ms, found 0 plugins.
Preloading 0 native plugins for Editor in 0.00 ms.
Unloading 1131 Unused Serialized files (Serialized files now loaded: 0)
System memory in use before: 61.1 MB.
System memory in use after: 61.2 MB.

Unloading 5 unused Assets to reduce memory usage. Loaded Objects now: 1592.
Total: 1.841600 ms (FindLiveObjects: 0.194500 ms CreateObjectMapping: 0.046700 ms MarkObjects: 1.552600 ms  DeleteObjects: 0.046500 ms)

AssetImportParameters requested are different than current active one (requested -> active):
  custom:graphics/normal-map-encoding: 01000000000000000000000000000000 -> 02000000000000000000000000000000
========================================================================
Received Import Request.
  Time since last request: 651.562318 seconds.
  path: Assets/Music/jump1.mp3
  artifactKey: Guid(26b989147efe2144097a43da5c4b4464) Importer(815301076,1909f56bfc062723c751e8b465ee728b)
Start importing Assets/Music/jump1.mp3 using Guid(26b989147efe2144097a43da5c4b4464) Importer(815301076,1909f56bfc062723c751e8b465ee728b)  -> (artifact id: 'a50ed9cbeac2c70041ac8f90a92126f9') in 0.049747 seconds
  Import took 0.053617 seconds .

========================================================================
Received Import Request.
  Time since last request: 0.000345 seconds.
  path: Assets/Music/jump2.mp3
  artifactKey: Guid(6e25b68ec91b51b429a1e25ae52b5f27) Importer(815301076,1909f56bfc062723c751e8b465ee728b)
Start importing Assets/Music/jump2.mp3 using Guid(6e25b68ec91b51b429a1e25ae52b5f27) Importer(815301076,1909f56bfc062723c751e8b465ee728b)  -> (artifact id: '67692090949576e4fc0b80fc67530ea4') in 0.007922 seconds
  Import took 0.010645 seconds .

========================================================================
Received Prepare
Registering precompiled user dll's ...
Registered in 0.000721 seconds.
Begin MonoManager ReloadAssembly
Native extension for WindowsStandalone target not found
Refreshing native plugins compatible for Editor in 0.20 ms, found 0 plugins.
Preloading 0 native plugins for Editor in 0.00 ms.
Mono: successfully reloaded assembly
- Completed reload, in  0.850 seconds
Platform modules already initialized, skipping
Switching build target platform(5) subTarget(0) extendedPlatform(0) -> platform(13) subTarget(537395200) extendedPlatform(0)
Refreshing native plugins compatible for Editor in 0.18 ms, found 0 plugins.
Preloading 0 native plugins for Editor in 0.00 ms.
Unloading 1131 Unused Serialized files (Serialized files now loaded: 0)
System memory in use before: 61.1 MB.
System memory in use after: 61.2 MB.

Unloading 5 unused Assets to reduce memory usage. Loaded Objects now: 1596.
Total: 1.725200 ms (FindLiveObjects: 0.135900 ms CreateObjectMapping: 0.033100 ms MarkObjects: 1.463100 ms  DeleteObjects: 0.091900 ms)

AssetImportParameters requested are different than current active one (requested -> active):
  custom:graphics/normal-map-encoding: 01000000000000000000000000000000 -> 02000000000000000000000000000000
========================================================================
Received Prepare
Registering precompiled user dll's ...
Registered in 0.000790 seconds.
Begin MonoManager ReloadAssembly
Native extension for WindowsStandalone target not found
Refreshing native plugins compatible for Editor in 0.32 ms, found 0 plugins.
Preloading 0 native plugins for Editor in 0.00 ms.
Mono: successfully reloaded assembly
- Completed reload, in  0.855 seconds
Platform modules already initialized, skipping
Switching build target platform(5) subTarget(0) extendedPlatform(0) -> platform(13) subTarget(537395200) extendedPlatform(0)
Refreshing native plugins compatible for Editor in 0.19 ms, found 0 plugins.
Preloading 0 native plugins for Editor in 0.00 ms.
Unloading 1131 Unused Serialized files (Serialized files now loaded: 0)
System memory in use before: 61.2 MB.
System memory in use after: 61.2 MB.

Unloading 5 unused Assets to reduce memory usage. Loaded Objects now: 1599.
Total: 1.666000 ms (FindLiveObjects: 0.126600 ms CreateObjectMapping: 0.028000 ms MarkObjects: 1.466600 ms  DeleteObjects: 0.043300 ms)

AssetImportParameters requested are different than current active one (requested -> active):
  custom:graphics/normal-map-encoding: 01000000000000000000000000000000 -> 02000000000000000000000000000000
========================================================================
Received Prepare
Registering precompiled user dll's ...
Registered in 0.000759 seconds.
Begin MonoManager ReloadAssembly
Native extension for WindowsStandalone target not found
Refreshing native plugins compatible for Editor in 0.19 ms, found 0 plugins.
Preloading 0 native plugins for Editor in 0.00 ms.
Mono: successfully reloaded assembly
- Completed reload, in  0.754 seconds
Platform modules already initialized, skipping
Switching build target platform(5) subTarget(0) extendedPlatform(0) -> platform(13) subTarget(537395200) extendedPlatform(0)
Refreshing native plugins compatible for Editor in 0.19 ms, found 0 plugins.
Preloading 0 native plugins for Editor in 0.00 ms.
Unloading 1131 Unused Serialized files (Serialized files now loaded: 0)
System memory in use before: 61.2 MB.
System memory in use after: 61.2 MB.

Unloading 5 unused Assets to reduce memory usage. Loaded Objects now: 1602.
Total: 1.801000 ms (FindLiveObjects: 0.129100 ms CreateObjectMapping: 0.034900 ms MarkObjects: 1.546400 ms  DeleteObjects: 0.089100 ms)

AssetImportParameters requested are different than current active one (requested -> active):
  custom:graphics/normal-map-encoding: 01000000000000000000000000000000 -> 02000000000000000000000000000000
AssetImportWorkerClient::OnTransportError - code=2 error=End of file
